-3.669267596369675533e-02
-4.540302087389286867e-01
-4.239974867802248082e-01
-4.201757024397587692e-01
-3.998200712809795720e-01
-3.534392715560095155e-01
-3.910442609856808471e-01
-3.617273728536167243e-01
-3.277302099176199746e-01
-3.037907125132653374e-01
-2.771864522731966596e-01
-2.539280763545359032e-01
-2.282653980767815338e-01
-1.999691594629870450e-01
-1.669696950545516978e-01
-1.531994244796551219e-01
-1.037378768523762734e-01
-8.124689452443352444e-02
-5.626394449295867017e-02
-4.984017099165413689e-02
-1.097858059577660507e-02
2.982644337868206597e-02
5.976833352819450190e-02
8.606004963084107340e-02
1.142378984625214977e-01
1.343304391575584067e-01
1.493532710365659266e-01
1.961721753522522593e-01
2.046707093250371146e-01
2.540108671188338607e-01
2.662560341045652201e-01
2.818824771166523746e-01
3.046373629643552294e-01
3.407058097444330413e-01
3.647924999399799195e-01
