3.199440362705574330e+02
5.246614317225436253e+00
2.002761637558023722e+01
4.174048792812936881e+01
6.053849296618648168e+01
8.725955154683128967e+01
8.095779959840791662e+01
1.049144062729965015e+02
1.248213016612333206e+02
1.422051346606393452e+02
1.595977504774693045e+02
1.809098813745234793e+02
1.995013250759645871e+02
2.212226443929971538e+02
2.399006190281857016e+02
2.561142853366893064e+02
2.832389567177985441e+02
3.007836664036952925e+02
3.218651374242805332e+02
3.226416698048437866e+02
3.404814981600127339e+02
3.784419912164084394e+02
4.038871600258474359e+02
4.259398137698257187e+02
4.437308066375923090e+02
4.647985464047822575e+02
4.797973352184966416e+02
4.980699659286842689e+02
5.197145031861480220e+02
5.411985581422153473e+02
5.587989343460402552e+02
5.787555190722517864e+02
5.988831626908743146e+02
6.203389642531110439e+02
6.387797996733277159e+02
