3.230000000000000000e+02
4.100000000000000000e+01
5.300000000000000000e+01
7.400000000000000000e+01
9.200000000000000000e+01
1.160000000000000000e+02
1.105000000000000000e+02
1.360000000000000000e+02
1.550000000000000000e+02
1.630000000000000000e+02
1.790000000000000000e+02
1.970000000000000000e+02
2.200000000000000000e+02
2.390000000000000000e+02
2.550000000000000000e+02
2.730000000000000000e+02
2.920000000000000000e+02
3.070000000000000000e+02
3.270000000000000000e+02
3.270000000000000000e+02
3.410000000000000000e+02
3.760000000000000000e+02
3.990000000000000000e+02
4.190000000000000000e+02
4.340000000000000000e+02
4.520000000000000000e+02
4.680000000000000000e+02
4.810000000000000000e+02
5.010000000000000000e+02
5.250000000000000000e+02
5.380000000000000000e+02
5.590000000000000000e+02
5.730000000000000000e+02
5.960000000000000000e+02
6.090000000000000000e+02
